0 info it worked if it ends with ok
1 verbose cli [ '/home/sahils/.nvm/v0.12.5/bin/node',
1 verbose cli   '/home/sahils/.nvm/v0.12.5/bin/npm',
1 verbose cli   'version',
1 verbose cli   '1.0.3' ]
2 info using npm@2.11.2
3 info using node@v0.12.5
4 info preversion jwplayer@1.0.3
5 info git [ 'status', '--porcelain' ]
6 verbose stack Error: Error: Git working directory not clean.
6 verbose stack M README.md
6 verbose stack     at /home/sahils/.nvm/v0.12.5/lib/node_modules/npm/lib/version.js:71:23
6 verbose stack     at /home/sahils/.nvm/v0.12.5/lib/node_modules/npm/lib/version.js:151:34
6 verbose stack     at ChildProcess.exithandler (child_process.js:742:7)
6 verbose stack     at ChildProcess.emit (events.js:110:17)
6 verbose stack     at maybeClose (child_process.js:1015:16)
6 verbose stack     at Socket.<anonymous> (child_process.js:1183:11)
6 verbose stack     at Socket.emit (events.js:107:17)
6 verbose stack     at Pipe.close (net.js:485:12)
7 verbose cwd /home/sahils/gitmodules/jwplayer
8 error Linux 3.13.0-35-generic
9 error argv "/home/sahils/.nvm/v0.12.5/bin/node" "/home/sahils/.nvm/v0.12.5/bin/npm" "version" "1.0.3"
10 error node v0.12.5
11 error npm  v2.11.2
12 error Error: Git working directory not clean.
12 error M README.md
13 error If you need help, you may report this error at:
13 error     <https://github.com/npm/npm/issues>
14 verbose exit [ 1, true ]
